<?xml version="1.0" encoding="UTF-8"?>
<!-- Generated by org.testng.reporters.JUnitReportReporter -->
<testsuite hostname="Raghav" failures="0" tests="1" name="org.automation.test_script.Books03" time="11.507" errors="0" timestamp="2024-04-24T13:04:08 IST" skipped="0">
  <testcase classname="org.automation.test_script.Books03" name="Verify_User_Is_able_To_Remove_Product_Compare_ProductList" time="11.507"/>
  <system-out>
    <![CDATA[books page displayed
Fictionexpage displayed]]>
  </system-out>
</testsuite> <!-- org.automation.test_script.Books03 -->
