<?xml version="1.0" encoding="UTF-8"?>
<!-- Generated by org.testng.reporters.JUnitReportReporter -->
<testsuite hostname="Raghav" failures="0" tests="1" name="org.automation.test_script.Book01" time="12.577" errors="0" timestamp="2024-04-24T13:00:03 IST" skipped="0">
  <testcase classname="org.automation.test_script.Book01" name="Verify_User_Is_Able_To_Add_Product_To_Wishlist" time="12.577"/>
  <system-out>
    <![CDATA[books page displayed
Fictionexpage displayed
wishlist page displayed]]>
  </system-out>
</testsuite> <!-- org.automation.test_script.Book01 -->
